-------------------------------------------------------------------------------
Test set: runner.TestMyRuuner
-------------------------------------------------------------------------------
Tests run: 14, Failures: 1, Errors: 0, Skipped: 0, Time elapsed: 89.266 s <<< FAILURE! - in runner.TestMyRuuner
User searches for valid product(Search Functionality)  Time elapsed: 4.982 s  <<< FAILURE!
java.lang.AssertionError

