<?xml version="1.0" encoding="UTF-8"?>
<testsuite xmlns:xsi="http://www.w3.org/2001/XMLSchema-instance" xsi:noNamespaceSchemaLocation="https://maven.apache.org/surefire/maven-surefire-plugin/xsd/surefire-test-report.xsd" name="runner.TestMyRuuner" time="89.266" tests="14" errors="0" skipped="0" failures="1">
  <properties>
[...]
</properties>
  <testcase name="Login with valid credentials #1" classname="Login functionality" time="7.85"/>
  <testcase name="Login with valid credentials #2" classname="Login functionality" time="6.134"/>
  <testcase name="Login with valid credentials #3" classname="Login functionality" time="6.274"/>
  <testcase name="Login with invalid credentials" classname="Login functionality" time="5.804"/>
  <testcase name="Login with valid email and invalid password" classname="Login functionality" time="6.856"/>
  <testcase name="Login with invalid email and valid password" classname="Login functionality" time="5.979"/>
  <testcase name="Login without providing any credential" classname="Login functionality" time="5.581"/>
  <testcase name="User creates an account with mandotary field" classname="Registration functionality" time="7.567"/>
  <testcase name="User creates an account with all fields" classname="Registration functionality" time="7.495"/>
  <testcase name="User creates a duplicate account" classname="Registration functionality" time="6.814"/>
  <testcase name="User create an account without filling any details" classname="Registration functionality" time="5.46"/>
  <testcase name="User searches for valid product" classname="Search Functionality" time="4.982">
    <failure type="java.lang.AssertionError">java.lang.AssertionError
</failure>
    <system-out><![CDATA[
Scenario: User searches for valid product                          &amp#27;[90m# srs/test/resource/features/Search.feature:3&amp#27;[0m
  &amp#27;[32mGiven &amp#27;[0m&amp#27;[32mUser enters the Aplication&amp#27;[0m                                 &amp#27;[90m# StepsDefinition.Search.user_enters_the_aplication()&amp#27;[0m
  &amp#27;[32mWhen &amp#27;[0m&amp#27;[32mUser enters valid product &amp#27;[0m&amp#27;[32m&amp#27;[1m"HP"&amp#27;[0m&amp#27;[32m into Search box filed&amp#27;[0m        &amp#27;[90m# StepsDefinition.Search.user_enters_valid_product_into_search_box_filed(java.lang.String)&amp#27;[0m
  &amp#27;[32mAnd &amp#27;[0m&amp#27;[32mUser clicks on Search button&amp#27;[0m                                 &amp#27;[90m# StepsDefinition.Search.user_clicks_on_search_button()&amp#27;[0m
  &amp#27;[31mThen &amp#27;[0m&amp#27;[31mUser should get a valid product displayed in search results&amp#27;[0m &amp#27;[90m# StepsDefinition.Search.user_should_get_a_valid_product_displayed_in_search_results()&amp#27;[0m
      &amp#27;[31mjava.lang.AssertionError
	at org.junit.Assert.fail(Assert.java:86)
	at org.junit.Assert.fail(Assert.java:95)
	at StepsDefinition.Search.user_should_get_a_valid_product_displayed_in_search_results(Search.java:42)
	at âœ½.User should get a valid product displayed in search results(file:///C:/Users/bhatt/eclipse-workspace/TutorialsNinjaBDDframework/srs/test/resource/features/Search.feature:7)
&amp#27;[0m

    Embedding User_searches_for_valid_product [image/png 58358 bytes]

]]></system-out>
    <system-err><![CDATA[Jun 02, 2023 7:36:18 PM org.openqa.selenium.manager.SeleniumManager getDriverPath
INFO: Applicable driver not found; attempting to install with Selenium Manager (Beta)
Starting ChromeDriver 113.0.5672.63 (0e1a4471d5ae5bf128b1bd8f4d627c8cbd55f70c-refs/branch-heads/5672@{#912}) on port 13617
Only local connections are allowed.
Please see https://chromedriver.chromium.org/security-considerations for suggestions on keeping ChromeDriver safe.
ChromeDriver was started successfully.
]]></system-err>
  </testcase>
  <testcase name="User searches for invalid product" classname="Search Functionality" time="4.569"/>
  <testcase name="User searches with out any product" classname="Search Functionality" time="4.376"/>
</testsuite>